<?xml version="1.0" encoding="UTF-8"?>
<!-- Generated by org.testng.reporters.JUnitReportReporter -->
<testsuite hostname="IN-Sandeep" name="TestNGPackage1.Test1" tests="3" failures="0" timestamp="28 May 2017 06:17:54 GMT" time="0.011" errors="0">
  <testcase name="doLogin" time="0.002" classname="TestNGPackage1.Test1"/>
  <testcase name="doLogout" time="0.001" classname="TestNGPackage1.Test1"/>
  <testcase name="doFillRegistrationform" time="0.008" classname="TestNGPackage1.Test1"/>
</testsuite> <!-- TestNGPackage1.Test1 -->
