<?xml version="1.0" encoding="UTF-8"?>
<!-- Generated by org.testng.reporters.JUnitReportReporter -->
<testsuite hostname="IN-Sandeep" name="TestNGPackage1.Test4" tests="3" failures="0" timestamp="28 May 2017 06:44:46 GMT" time="0.004" errors="3">
  <testcase name="doLogin" time="0.001" classname="TestNGPackage1.Test4"/>
  <testcase name="doLogin" time="0.002" classname="TestNGPackage1.Test4"/>
  <testcase name="doLogin" time="0.001" classname="TestNGPackage1.Test4"/>
</testsuite> <!-- TestNGPackage1.Test4 -->
