<?xml version="1.0" encoding="UTF-8"?>
<!-- Generated by org.testng.reporters.JUnitReportReporter -->
<testsuite hostname="IN-Sandeep" name="TestNGPackage1.Test2" tests="1" failures="0" timestamp="28 May 2017 06:17:54 GMT" time="0.001" errors="0">
  <testcase name="captureScreenshot" time="0.001" classname="TestNGPackage1.Test2"/>
</testsuite> <!-- TestNGPackage1.Test2 -->
